{"/home/louis/TEK3/Technical Foundation/AREA/AREA_2019/mobileApp/appArea/Style.js": {"path":"/home/louis/TEK3/Technical Foundation/AREA/AREA_2019/mobileApp/appArea/Style.js","statementMap":{"0":{"start":{"line":1,"column":13},"end":{"line":1,"column":75}},"1":{"start":{"line":1,"column":75},"end":{"line":1,"column":99}},"2":{"start":{"line":1,"column":118},"end":{"line":1,"column":141}},"3":{"start":{"line":5,"column":0},"end":{"line":5,"column":37}},"4":{"start":{"line":5,"column":46},"end":{"line":5,"column":67}},"5":{"start":{"line":7,"column":13},"end":{"line":93,"column":40}},"6":{"start":{"line":93,"column":41},"end":{"line":93,"column":65}}},"fnMap":{},"branchMap":{},"s":{"0":2,"1":2,"2":2,"3":2,"4":2,"5":2,"6":2},"f":{},"b":{},"_coverageSchema":"1a1c01bbd47fc00a2c39e90264f33305004495a9","hash":"7e765b813869140860195cab98479c48bf263638"}
,"/home/louis/TEK3/Technical Foundation/AREA/AREA_2019/mobileApp/appArea/screens/CreateAccount.js": {"path":"/home/louis/TEK3/Technical Foundation/AREA/AREA_2019/mobileApp/appArea/screens/CreateAccount.js","statementMap":{"0":{"start":{"line":1,"column":42},"end":{"line":1,"column":97}},"1":{"start":{"line":1,"column":98},"end":{"line":1,"column":160}},"2":{"start":{"line":1,"column":160},"end":{"line":1,"column":185}},"3":{"start":{"line":1,"column":208},"end":{"line":1,"column":280}},"4":{"start":{"line":1,"column":301},"end":{"line":1,"column":370}},"5":{"start":{"line":1,"column":405},"end":{"line":1,"column":488}},"6":{"start":{"line":1,"column":512},"end":{"line":1,"column":584}},"7":{"start":{"line":1,"column":602},"end":{"line":1,"column":668}},"8":{"start":{"line":1,"column":682},"end":{"line":1,"column":722}},"9":{"start":{"line":2,"column":13},"end":{"line":2,"column":32}},"10":{"start":{"line":3,"column":18},"end":{"line":3,"column":77}},"11":{"start":{"line":4,"column":12},"end":{"line":4,"column":65}},"12":{"start":{"line":5,"column":16},"end":{"line":5,"column":78}},"13":{"start":{"line":6,"column":23},"end":{"line":6,"column":50}},"14":{"start":{"line":7,"column":19},"end":{"line":7,"column":42}},"15":{"start":{"line":7,"column":62},"end":{"line":7,"column":159}},"16":{"start":{"line":18,"column":8},"end":{"line":182,"column":50}},"17":{"start":{"line":18,"column":37},"end":{"line":18,"column":86}},"18":{"start":{"line":22,"column":30},"end":{"line":22,"column":73}},"19":{"start":{"line":23,"column":4},"end":{"line":23,"column":108}},"20":{"start":{"line":23,"column":108},"end":{"line":41,"column":6}},"21":{"start":{"line":39,"column":23},"end":{"line":39,"column":782}},"22":{"start":{"line":40,"column":6},"end":{"line":40,"column":58}},"23":{"start":{"line":41,"column":6},"end":{"line":49,"column":6}},"24":{"start":{"line":44,"column":6},"end":{"line":48,"column":7}},"25":{"start":{"line":45,"column":8},"end":{"line":45,"column":58}},"26":{"start":{"line":47,"column":8},"end":{"line":47,"column":58}},"27":{"start":{"line":49,"column":6},"end":{"line":58,"column":6}},"28":{"start":{"line":52,"column":6},"end":{"line":57,"column":7}},"29":{"start":{"line":53,"column":8},"end":{"line":54,"column":114}},"30":{"start":{"line":54,"column":60},"end":{"line":54,"column":108}},"31":{"start":{"line":56,"column":8},"end":{"line":56,"column":53}},"32":{"start":{"line":58,"column":6},"end":{"line":93,"column":6}},"33":{"start":{"line":61,"column":6},"end":{"line":61,"column":105}},"34":{"start":{"line":63,"column":6},"end":{"line":67,"column":7}},"35":{"start":{"line":65,"column":8},"end":{"line":65,"column":45}},"36":{"start":{"line":66,"column":8},"end":{"line":66,"column":15}},"37":{"start":{"line":68,"column":6},"end":{"line":71,"column":7}},"38":{"start":{"line":69,"column":8},"end":{"line":69,"column":44}},"39":{"start":{"line":70,"column":8},"end":{"line":70,"column":15}},"40":{"start":{"line":72,"column":6},"end":{"line":75,"column":7}},"41":{"start":{"line":73,"column":8},"end":{"line":73,"column":46}},"42":{"start":{"line":74,"column":8},"end":{"line":74,"column":15}},"43":{"start":{"line":76,"column":6},"end":{"line":79,"column":7}},"44":{"start":{"line":77,"column":8},"end":{"line":77,"column":49}},"45":{"start":{"line":78,"column":8},"end":{"line":78,"column":15}},"46":{"start":{"line":80,"column":6},"end":{"line":92,"column":80}},"47":{"start":{"line":91,"column":32},"end":{"line":91,"column":55}},"48":{"start":{"line":92,"column":36},"end":{"line":92,"column":77}},"49":{"start":{"line":93,"column":6},"end":{"line":113,"column":6}},"50":{"start":{"line":96,"column":6},"end":{"line":97,"column":176}},"51":{"start":{"line":97,"column":6},"end":{"line":97,"column":176}},"52":{"start":{"line":100,"column":6},"end":{"line":101,"column":183}},"53":{"start":{"line":101,"column":6},"end":{"line":101,"column":183}},"54":{"start":{"line":104,"column":6},"end":{"line":105,"column":203}},"55":{"start":{"line":105,"column":6},"end":{"line":105,"column":203}},"56":{"start":{"line":108,"column":6},"end":{"line":110,"column":30}},"57":{"start":{"line":109,"column":6},"end":{"line":110,"column":30}},"58":{"start":{"line":113,"column":6},"end":{"line":113,"column":211}},"59":{"start":{"line":113,"column":211},"end":{"line":113,"column":224}},"60":{"start":{"line":113,"column":225},"end":{"line":182,"column":10}},"61":{"start":{"line":115,"column":18},"end":{"line":115,"column":22}},"62":{"start":{"line":116,"column":6},"end":{"line":178,"column":171}},"63":{"start":{"line":131,"column":57},"end":{"line":131,"column":104}},"64":{"start":{"line":142,"column":53},"end":{"line":142,"column":92}},"65":{"start":{"line":154,"column":57},"end":{"line":154,"column":104}},"66":{"start":{"line":171,"column":66},"end":{"line":171,"column":131}},"67":{"start":{"line":182,"column":10},"end":{"line":182,"column":23}},"68":{"start":{"line":182,"column":51},"end":{"line":182,"column":75}},"69":{"start":{"line":182,"column":75},"end":{"line":182,"column":135}}},"fnMap":{"0":{"name":"(anonymous_0)","decl":{"start":{"line":18,"column":8},"end":{"line":18,"column":9}},"loc":{"start":{"line":18,"column":36},"end":{"line":182,"column":24}},"line":18},"1":{"name":"Login","decl":{"start":{"line":22,"column":11},"end":{"line":22,"column":16}},"loc":{"start":{"line":22,"column":19},"end":{"line":113,"column":225}},"line":22},"2":{"name":"(anonymous_2)","decl":{"start":{"line":38,"column":16},"end":{"line":38,"column":17}},"loc":{"start":{"line":38,"column":33},"end":{"line":41,"column":5}},"line":38},"3":{"name":"(anonymous_3)","decl":{"start":{"line":43,"column":15},"end":{"line":43,"column":16}},"loc":{"start":{"line":43,"column":27},"end":{"line":49,"column":5}},"line":43},"4":{"name":"(anonymous_4)","decl":{"start":{"line":51,"column":20},"end":{"line":51,"column":21}},"loc":{"start":{"line":51,"column":36},"end":{"line":58,"column":5}},"line":51},"5":{"name":"onPress","decl":{"start":{"line":54,"column":49},"end":{"line":54,"column":56}},"loc":{"start":{"line":54,"column":59},"end":{"line":54,"column":109}},"line":54},"6":{"name":"(anonymous_6)","decl":{"start":{"line":60,"column":23},"end":{"line":60,"column":24}},"loc":{"start":{"line":60,"column":35},"end":{"line":93,"column":5}},"line":60},"7":{"name":"(anonymous_7)","decl":{"start":{"line":91,"column":11},"end":{"line":91,"column":12}},"loc":{"start":{"line":91,"column":31},"end":{"line":91,"column":56}},"line":91},"8":{"name":"(anonymous_8)","decl":{"start":{"line":92,"column":11},"end":{"line":92,"column":12}},"loc":{"start":{"line":92,"column":35},"end":{"line":92,"column":78}},"line":92},"9":{"name":"(anonymous_9)","decl":{"start":{"line":95,"column":20},"end":{"line":95,"column":21}},"loc":{"start":{"line":95,"column":32},"end":{"line":113,"column":5}},"line":95},"10":{"name":"render","decl":{"start":{"line":113,"column":293},"end":{"line":113,"column":299}},"loc":{"start":{"line":115,"column":4},"end":{"line":182,"column":5}},"line":115},"11":{"name":"onChangeText","decl":{"start":{"line":131,"column":33},"end":{"line":131,"column":45}},"loc":{"start":{"line":131,"column":56},"end":{"line":131,"column":105}},"line":131},"12":{"name":"onChangeText","decl":{"start":{"line":142,"column":33},"end":{"line":142,"column":45}},"loc":{"start":{"line":142,"column":52},"end":{"line":142,"column":93}},"line":142},"13":{"name":"onChangeText","decl":{"start":{"line":154,"column":33},"end":{"line":154,"column":45}},"loc":{"start":{"line":154,"column":56},"end":{"line":154,"column":105}},"line":154},"14":{"name":"onChangeText","decl":{"start":{"line":171,"column":33},"end":{"line":171,"column":45}},"loc":{"start":{"line":171,"column":65},"end":{"line":171,"column":132}},"line":171}},"branchMap":{"0":{"loc":{"start":{"line":44,"column":6},"end":{"line":48,"column":7}},"type":"if","locations":[{"start":{"line":44,"column":6},"end":{"line":48,"column":7}},{"start":{"line":44,"column":6},"end":{"line":48,"column":7}}],"line":44},"1":{"loc":{"start":{"line":52,"column":6},"end":{"line":57,"column":7}},"type":"if","locations":[{"start":{"line":52,"column":6},"end":{"line":57,"column":7}},{"start":{"line":52,"column":6},"end":{"line":57,"column":7}}],"line":52},"2":{"loc":{"start":{"line":63,"column":6},"end":{"line":67,"column":7}},"type":"if","locations":[{"start":{"line":63,"column":6},"end":{"line":67,"column":7}},{"start":{"line":63,"column":6},"end":{"line":67,"column":7}}],"line":63},"3":{"loc":{"start":{"line":63,"column":10},"end":{"line":64,"column":67}},"type":"binary-expr","locations":[{"start":{"line":63,"column":10},"end":{"line":63,"column":36}},{"start":{"line":63,"column":40},"end":{"line":63,"column":66}},{"start":{"line":64,"column":6},"end":{"line":64,"column":41}},{"start":{"line":64,"column":45},"end":{"line":64,"column":67}}],"line":63},"4":{"loc":{"start":{"line":68,"column":6},"end":{"line":71,"column":7}},"type":"if","locations":[{"start":{"line":68,"column":6},"end":{"line":71,"column":7}},{"start":{"line":68,"column":6},"end":{"line":71,"column":7}}],"line":68},"5":{"loc":{"start":{"line":72,"column":6},"end":{"line":75,"column":7}},"type":"if","locations":[{"start":{"line":72,"column":6},"end":{"line":75,"column":7}},{"start":{"line":72,"column":6},"end":{"line":75,"column":7}}],"line":72},"6":{"loc":{"start":{"line":72,"column":10},"end":{"line":72,"column":77}},"type":"binary-expr","locations":[{"start":{"line":72,"column":10},"end":{"line":72,"column":42}},{"start":{"line":72,"column":46},"end":{"line":72,"column":77}}],"line":72},"7":{"loc":{"start":{"line":76,"column":6},"end":{"line":79,"column":7}},"type":"if","locations":[{"start":{"line":76,"column":6},"end":{"line":79,"column":7}},{"start":{"line":76,"column":6},"end":{"line":79,"column":7}}],"line":76},"8":{"loc":{"start":{"line":96,"column":6},"end":{"line":97,"column":176}},"type":"if","locations":[{"start":{"line":96,"column":6},"end":{"line":97,"column":176}},{"start":{"line":96,"column":6},"end":{"line":97,"column":176}}],"line":96},"9":{"loc":{"start":{"line":100,"column":6},"end":{"line":101,"column":183}},"type":"if","locations":[{"start":{"line":100,"column":6},"end":{"line":101,"column":183}},{"start":{"line":100,"column":6},"end":{"line":101,"column":183}}],"line":100},"10":{"loc":{"start":{"line":104,"column":6},"end":{"line":105,"column":203}},"type":"if","locations":[{"start":{"line":104,"column":6},"end":{"line":105,"column":203}},{"start":{"line":104,"column":6},"end":{"line":105,"column":203}}],"line":104},"11":{"loc":{"start":{"line":108,"column":6},"end":{"line":110,"column":30}},"type":"if","locations":[{"start":{"line":108,"column":6},"end":{"line":110,"column":30}},{"start":{"line":108,"column":6},"end":{"line":110,"column":30}}],"line":108},"12":{"loc":{"start":{"line":160,"column":64},"end":{"line":160,"column":119}},"type":"cond-expr","locations":[{"start":{"line":160,"column":94},"end":{"line":160,"column":103}},{"start":{"line":160,"column":106},"end":{"line":160,"column":119}}],"line":160}},"s":{"0":1,"1":1,"2":1,"3":1,"4":1,"5":1,"6":1,"7":1,"8":1,"9":1,"10":1,"11":1,"12":1,"13":1,"14":1,"15":1,"16":1,"17":1,"18":6,"19":6,"20":6,"21":6,"22":6,"23":6,"24":2,"25":1,"26":1,"27":6,"28":2,"29":1,"30":0,"31":1,"32":6,"33":3,"34":3,"35":1,"36":1,"37":2,"38":1,"39":1,"40":1,"41":0,"42":0,"43":1,"44":1,"45":1,"46":0,"47":0,"48":0,"49":6,"50":17,"51":2,"52":15,"53":2,"54":13,"55":0,"56":13,"57":1,"58":6,"59":6,"60":1,"61":17,"62":17,"63":0,"64":0,"65":0,"66":0,"67":1,"68":1,"69":1},"f":{"0":1,"1":6,"2":6,"3":2,"4":2,"5":0,"6":3,"7":0,"8":0,"9":17,"10":17,"11":0,"12":0,"13":0,"14":0},"b":{"0":[1,1],"1":[1,1],"2":[1,2],"3":[3,2,2,2],"4":[1,1],"5":[0,1],"6":[1,1],"7":[1,0],"8":[2,15],"9":[2,13],"10":[0,13],"11":[1,12],"12":[16,1]},"_coverageSchema":"1a1c01bbd47fc00a2c39e90264f33305004495a9","hash":"fab19cf01ac958397552747b122f9d490fddc26a"}
,"/home/louis/TEK3/Technical Foundation/AREA/AREA_2019/mobileApp/appArea/screens/Login.js": {"path":"/home/louis/TEK3/Technical Foundation/AREA/AREA_2019/mobileApp/appArea/screens/Login.js","statementMap":{"0":{"start":{"line":1,"column":42},"end":{"line":1,"column":97}},"1":{"start":{"line":1,"column":98},"end":{"line":1,"column":160}},"2":{"start":{"line":1,"column":160},"end":{"line":1,"column":185}},"3":{"start":{"line":1,"column":208},"end":{"line":1,"column":280}},"4":{"start":{"line":1,"column":301},"end":{"line":1,"column":370}},"5":{"start":{"line":1,"column":405},"end":{"line":1,"column":488}},"6":{"start":{"line":1,"column":512},"end":{"line":1,"column":584}},"7":{"start":{"line":1,"column":602},"end":{"line":1,"column":668}},"8":{"start":{"line":1,"column":682},"end":{"line":1,"column":722}},"9":{"start":{"line":2,"column":13},"end":{"line":2,"column":32}},"10":{"start":{"line":3,"column":18},"end":{"line":3,"column":77}},"11":{"start":{"line":4,"column":12},"end":{"line":4,"column":65}},"12":{"start":{"line":5,"column":16},"end":{"line":5,"column":78}},"13":{"start":{"line":6,"column":23},"end":{"line":6,"column":50}},"14":{"start":{"line":7,"column":19},"end":{"line":7,"column":42}},"15":{"start":{"line":7,"column":62},"end":{"line":7,"column":151}},"16":{"start":{"line":17,"column":8},"end":{"line":134,"column":50}},"17":{"start":{"line":17,"column":37},"end":{"line":17,"column":86}},"18":{"start":{"line":21,"column":30},"end":{"line":21,"column":73}},"19":{"start":{"line":22,"column":4},"end":{"line":22,"column":108}},"20":{"start":{"line":22,"column":108},"end":{"line":40,"column":6}},"21":{"start":{"line":35,"column":6},"end":{"line":39,"column":7}},"22":{"start":{"line":36,"column":8},"end":{"line":36,"column":62}},"23":{"start":{"line":38,"column":8},"end":{"line":38,"column":62}},"24":{"start":{"line":40,"column":6},"end":{"line":45,"column":6}},"25":{"start":{"line":43,"column":6},"end":{"line":43,"column":44}},"26":{"start":{"line":44,"column":6},"end":{"line":44,"column":55}},"27":{"start":{"line":45,"column":6},"end":{"line":53,"column":6}},"28":{"start":{"line":48,"column":6},"end":{"line":52,"column":47}},"29":{"start":{"line":49,"column":8},"end":{"line":49,"column":50}},"30":{"start":{"line":50,"column":8},"end":{"line":50,"column":84}},"31":{"start":{"line":52,"column":6},"end":{"line":52,"column":47}},"32":{"start":{"line":53,"column":6},"end":{"line":73,"column":6}},"33":{"start":{"line":56,"column":6},"end":{"line":60,"column":44}},"34":{"start":{"line":57,"column":8},"end":{"line":57,"column":45}},"35":{"start":{"line":58,"column":8},"end":{"line":58,"column":15}},"36":{"start":{"line":60,"column":6},"end":{"line":60,"column":44}},"37":{"start":{"line":61,"column":6},"end":{"line":72,"column":78}},"38":{"start":{"line":71,"column":32},"end":{"line":71,"column":55}},"39":{"start":{"line":72,"column":36},"end":{"line":72,"column":75}},"40":{"start":{"line":73,"column":6},"end":{"line":84,"column":6}},"41":{"start":{"line":76,"column":6},"end":{"line":77,"column":176}},"42":{"start":{"line":77,"column":6},"end":{"line":77,"column":176}},"43":{"start":{"line":80,"column":6},"end":{"line":81,"column":174}},"44":{"start":{"line":81,"column":6},"end":{"line":81,"column":174}},"45":{"start":{"line":84,"column":6},"end":{"line":84,"column":158}},"46":{"start":{"line":84,"column":158},"end":{"line":84,"column":171}},"47":{"start":{"line":84,"column":172},"end":{"line":134,"column":10}},"48":{"start":{"line":86,"column":18},"end":{"line":86,"column":22}},"49":{"start":{"line":87,"column":19},"end":{"line":87,"column":40}},"50":{"start":{"line":88,"column":6},"end":{"line":129,"column":208}},"51":{"start":{"line":103,"column":57},"end":{"line":103,"column":104}},"52":{"start":{"line":115,"column":57},"end":{"line":115,"column":104}},"53":{"start":{"line":134,"column":10},"end":{"line":134,"column":23}},"54":{"start":{"line":134,"column":51},"end":{"line":134,"column":75}},"55":{"start":{"line":134,"column":75},"end":{"line":134,"column":127}}},"fnMap":{"0":{"name":"(anonymous_0)","decl":{"start":{"line":17,"column":8},"end":{"line":17,"column":9}},"loc":{"start":{"line":17,"column":36},"end":{"line":134,"column":24}},"line":17},"1":{"name":"Login","decl":{"start":{"line":21,"column":11},"end":{"line":21,"column":16}},"loc":{"start":{"line":21,"column":19},"end":{"line":84,"column":172}},"line":21},"2":{"name":"(anonymous_2)","decl":{"start":{"line":34,"column":15},"end":{"line":34,"column":16}},"loc":{"start":{"line":34,"column":27},"end":{"line":40,"column":5}},"line":34},"3":{"name":"(anonymous_3)","decl":{"start":{"line":42,"column":21},"end":{"line":42,"column":22}},"loc":{"start":{"line":42,"column":33},"end":{"line":45,"column":5}},"line":42},"4":{"name":"(anonymous_4)","decl":{"start":{"line":47,"column":18},"end":{"line":47,"column":19}},"loc":{"start":{"line":47,"column":34},"end":{"line":53,"column":5}},"line":47},"5":{"name":"(anonymous_5)","decl":{"start":{"line":55,"column":11},"end":{"line":55,"column":12}},"loc":{"start":{"line":55,"column":23},"end":{"line":73,"column":5}},"line":55},"6":{"name":"(anonymous_6)","decl":{"start":{"line":71,"column":11},"end":{"line":71,"column":12}},"loc":{"start":{"line":71,"column":31},"end":{"line":71,"column":56}},"line":71},"7":{"name":"(anonymous_7)","decl":{"start":{"line":72,"column":11},"end":{"line":72,"column":12}},"loc":{"start":{"line":72,"column":35},"end":{"line":72,"column":76}},"line":72},"8":{"name":"(anonymous_8)","decl":{"start":{"line":75,"column":20},"end":{"line":75,"column":21}},"loc":{"start":{"line":75,"column":32},"end":{"line":84,"column":5}},"line":75},"9":{"name":"render","decl":{"start":{"line":84,"column":240},"end":{"line":84,"column":246}},"loc":{"start":{"line":86,"column":4},"end":{"line":134,"column":5}},"line":86},"10":{"name":"onChangeText","decl":{"start":{"line":103,"column":33},"end":{"line":103,"column":45}},"loc":{"start":{"line":103,"column":56},"end":{"line":103,"column":105}},"line":103},"11":{"name":"onChangeText","decl":{"start":{"line":115,"column":33},"end":{"line":115,"column":45}},"loc":{"start":{"line":115,"column":56},"end":{"line":115,"column":105}},"line":115}},"branchMap":{"0":{"loc":{"start":{"line":35,"column":6},"end":{"line":39,"column":7}},"type":"if","locations":[{"start":{"line":35,"column":6},"end":{"line":39,"column":7}},{"start":{"line":35,"column":6},"end":{"line":39,"column":7}}],"line":35},"1":{"loc":{"start":{"line":48,"column":6},"end":{"line":52,"column":47}},"type":"if","locations":[{"start":{"line":48,"column":6},"end":{"line":52,"column":47}},{"start":{"line":48,"column":6},"end":{"line":52,"column":47}}],"line":48},"2":{"loc":{"start":{"line":56,"column":6},"end":{"line":60,"column":44}},"type":"if","locations":[{"start":{"line":56,"column":6},"end":{"line":60,"column":44}},{"start":{"line":56,"column":6},"end":{"line":60,"column":44}}],"line":56},"3":{"loc":{"start":{"line":56,"column":10},"end":{"line":56,"column":66}},"type":"binary-expr","locations":[{"start":{"line":56,"column":10},"end":{"line":56,"column":36}},{"start":{"line":56,"column":40},"end":{"line":56,"column":66}}],"line":56},"4":{"loc":{"start":{"line":76,"column":6},"end":{"line":77,"column":176}},"type":"if","locations":[{"start":{"line":76,"column":6},"end":{"line":77,"column":176}},{"start":{"line":76,"column":6},"end":{"line":77,"column":176}}],"line":76},"5":{"loc":{"start":{"line":80,"column":6},"end":{"line":81,"column":174}},"type":"if","locations":[{"start":{"line":80,"column":6},"end":{"line":81,"column":174}},{"start":{"line":80,"column":6},"end":{"line":81,"column":174}}],"line":80},"6":{"loc":{"start":{"line":121,"column":64},"end":{"line":121,"column":119}},"type":"cond-expr","locations":[{"start":{"line":121,"column":94},"end":{"line":121,"column":103}},{"start":{"line":121,"column":106},"end":{"line":121,"column":119}}],"line":121}},"s":{"0":1,"1":1,"2":1,"3":1,"4":1,"5":1,"6":1,"7":1,"8":1,"9":1,"10":1,"11":1,"12":1,"13":1,"14":1,"15":1,"16":1,"17":1,"18":8,"19":8,"20":8,"21":3,"22":2,"23":1,"24":8,"25":1,"26":1,"27":8,"28":2,"29":1,"30":1,"31":1,"32":8,"33":2,"34":2,"35":2,"36":0,"37":0,"38":0,"39":0,"40":8,"41":16,"42":2,"43":14,"44":1,"45":8,"46":8,"47":1,"48":16,"49":16,"50":16,"51":0,"52":0,"53":1,"54":1,"55":1},"f":{"0":1,"1":8,"2":3,"3":1,"4":2,"5":2,"6":0,"7":0,"8":16,"9":16,"10":0,"11":0},"b":{"0":[2,1],"1":[1,1],"2":[2,0],"3":[2,0],"4":[2,14],"5":[1,13],"6":[14,2]},"_coverageSchema":"1a1c01bbd47fc00a2c39e90264f33305004495a9","hash":"2efedbcc71f16ed7898ab18ab51093c1b74cb89c"}
}
