TN:
SF:Style.js
FNF:0
FNH:0
DA:1,2
DA:5,2
DA:7,2
DA:93,2
LF:4
LH:4
BRF:0
BRH:0
end_of_record
TN:
SF:screens/CreateAccount.js
FN:18,(anonymous_0)
FN:22,Login
FN:38,(anonymous_2)
FN:43,(anonymous_3)
FN:51,(anonymous_4)
FN:54,onPress
FN:60,(anonymous_6)
FN:91,(anonymous_7)
FN:92,(anonymous_8)
FN:95,(anonymous_9)
FN:113,render
FN:131,onChangeText
FN:142,onChangeText
FN:154,onChangeText
FN:171,onChangeText
FNF:15
FNH:8
FNDA:1,(anonymous_0)
FNDA:6,Login
FNDA:6,(anonymous_2)
FNDA:2,(anonymous_3)
FNDA:2,(anonymous_4)
FNDA:0,onPress
FNDA:3,(anonymous_6)
FNDA:0,(anonymous_7)
FNDA:0,(anonymous_8)
FNDA:17,(anonymous_9)
FNDA:17,render
FNDA:0,onChangeText
FNDA:0,onChangeText
FNDA:0,onChangeText
FNDA:0,onChangeText
DA:1,1
DA:2,1
DA:3,1
DA:4,1
DA:5,1
DA:6,1
DA:7,1
DA:18,1
DA:22,6
DA:23,6
DA:39,6
DA:40,6
DA:41,6
DA:44,2
DA:45,1
DA:47,1
DA:49,6
DA:52,2
DA:53,1
DA:54,0
DA:56,1
DA:58,6
DA:61,3
DA:63,3
DA:65,1
DA:66,1
DA:68,2
DA:69,1
DA:70,1
DA:72,1
DA:73,0
DA:74,0
DA:76,1
DA:77,1
DA:78,1
DA:80,0
DA:91,0
DA:92,0
DA:93,6
DA:96,17
DA:97,2
DA:100,15
DA:101,2
DA:104,13
DA:105,0
DA:108,13
DA:109,1
DA:113,6
DA:115,17
DA:116,17
DA:131,0
DA:142,0
DA:154,0
DA:171,0
DA:182,1
LF:55
LH:44
BRDA:44,0,0,1
BRDA:44,0,1,1
BRDA:52,1,0,1
BRDA:52,1,1,1
BRDA:63,2,0,1
BRDA:63,2,1,2
BRDA:63,3,0,3
BRDA:63,3,1,2
BRDA:63,3,2,2
BRDA:63,3,3,2
BRDA:68,4,0,1
BRDA:68,4,1,1
BRDA:72,5,0,0
BRDA:72,5,1,1
BRDA:72,6,0,1
BRDA:72,6,1,1
BRDA:76,7,0,1
BRDA:76,7,1,0
BRDA:96,8,0,2
BRDA:96,8,1,15
BRDA:100,9,0,2
BRDA:100,9,1,13
BRDA:104,10,0,0
BRDA:104,10,1,13
BRDA:108,11,0,1
BRDA:108,11,1,12
BRDA:160,12,0,16
BRDA:160,12,1,1
BRF:28
BRH:25
end_of_record
TN:
SF:screens/Login.js
FN:17,(anonymous_0)
FN:21,Login
FN:34,(anonymous_2)
FN:42,(anonymous_3)
FN:47,(anonymous_4)
FN:55,(anonymous_5)
FN:71,(anonymous_6)
FN:72,(anonymous_7)
FN:75,(anonymous_8)
FN:84,render
FN:103,onChangeText
FN:115,onChangeText
FNF:12
FNH:8
FNDA:1,(anonymous_0)
FNDA:8,Login
FNDA:3,(anonymous_2)
FNDA:1,(anonymous_3)
FNDA:2,(anonymous_4)
FNDA:2,(anonymous_5)
FNDA:0,(anonymous_6)
FNDA:0,(anonymous_7)
FNDA:16,(anonymous_8)
FNDA:16,render
FNDA:0,onChangeText
FNDA:0,onChangeText
DA:1,1
DA:2,1
DA:3,1
DA:4,1
DA:5,1
DA:6,1
DA:7,1
DA:17,1
DA:21,8
DA:22,8
DA:35,3
DA:36,2
DA:38,1
DA:40,8
DA:43,1
DA:44,1
DA:45,8
DA:48,2
DA:49,1
DA:50,1
DA:52,1
DA:53,8
DA:56,2
DA:57,2
DA:58,2
DA:60,0
DA:61,0
DA:71,0
DA:72,0
DA:73,8
DA:76,16
DA:77,2
DA:80,14
DA:81,1
DA:84,8
DA:86,16
DA:87,16
DA:88,16
DA:103,0
DA:115,0
DA:134,1
LF:41
LH:35
BRDA:35,0,0,2
BRDA:35,0,1,1
BRDA:48,1,0,1
BRDA:48,1,1,1
BRDA:56,2,0,2
BRDA:56,2,1,0
BRDA:56,3,0,2
BRDA:56,3,1,0
BRDA:76,4,0,2
BRDA:76,4,1,14
BRDA:80,5,0,1
BRDA:80,5,1,13
BRDA:121,6,0,14
BRDA:121,6,1,2
BRF:14
BRH:12
end_of_record
